0 info it worked if it ends with ok
1 verbose cli [ 'D:\\nodejs\\node.exe',
1 verbose cli   'C:\\Users\\jesse\\AppData\\Roaming\\npm\\node_modules\\npm\\bin\\npm-cli.js',
1 verbose cli   'run',
1 verbose cli   'dev' ]
2 info using npm@4.1.2
3 info using node@v6.9.5
4 verbose run-script [ 'predev', 'dev', 'postdev' ]
5 info lifecycle dailys@1.0.0~predev: dailys@1.0.0
6 silly lifecycle dailys@1.0.0~predev: no script for predev, continuing
7 info lifecycle dailys@1.0.0~dev: dailys@1.0.0
8 verbose lifecycle dailys@1.0.0~dev: unsafe-perm in lifecycle true
9 verbose lifecycle dailys@1.0.0~dev: PATH: C:\Users\jesse\AppData\Roaming\npm\node_modules\npm\bin\node-gyp-bin;C:\Users\jesse\Documents\GitHub\learnVue2Vuex\my-project\node_modules\.bin;C:\Users\jesse\AppData\Local\GitHub\PortableGit_f02737a78695063deace08e96d5042710d3e32db\cmd;C:\Users\jesse\AppData\Local\GitHub\PortableGit_f02737a78695063deace08e96d5042710d3e32db\usr\bin;C:\Users\jesse\AppData\Local\GitHub\PortableGit_f02737a78695063deace08e96d5042710d3e32db\usr\share\git-tfs;C:\Users\jesse\AppData\Local\Apps\2.0\AQ7GCO9H.XB1\8RQR4RZ0.H27\gith..tion_317444273a93ac29_0003.0003_5794af8169eeff14;C:\Users\jesse\AppData\Local\GitHub\lfs-amd64_1.5.5;C:\Users\jesse\AppData\Local\Apps\2.0\AQ7GCO9H.XB1\8RQR4RZ0.H27\gith..tion_317444273a93ac29_0003.0003_5794af8169eeff14\NativeBinaries\x86;C:\Windows\system32;C:\Windows;C:\Windows\System32\Wbem;C:\Windows\System32\WindowsPowerShell\v1.0\;D:\nodejs\;C:\Users\jesse\AppData\Local\Microsoft\WindowsApps;C:\Users\jesse\AppData\Roaming\npm;C:\Windows\Microsoft.NET\Framework\v4.0.30319\
10 verbose lifecycle dailys@1.0.0~dev: CWD: C:\Users\jesse\Documents\GitHub\learnVue2Vuex\my-project
11 silly lifecycle dailys@1.0.0~dev: Args: [ '/d /s /c', 'node build/dev-server.js' ]
12 silly lifecycle dailys@1.0.0~dev: Returned: code: 1  signal: null
13 info lifecycle dailys@1.0.0~dev: Failed to exec dev script
14 verbose stack Error: dailys@1.0.0 dev: `node build/dev-server.js`
14 verbose stack Exit status 1
14 verbose stack     at EventEmitter.<anonymous> (C:\Users\jesse\AppData\Roaming\npm\node_modules\npm\lib\utils\lifecycle.js:279:16)
14 verbose stack     at emitTwo (events.js:106:13)
14 verbose stack     at EventEmitter.emit (events.js:191:7)
14 verbose stack     at ChildProcess.<anonymous> (C:\Users\jesse\AppData\Roaming\npm\node_modules\npm\lib\utils\spawn.js:40:14)
14 verbose stack     at emitTwo (events.js:106:13)
14 verbose stack     at ChildProcess.emit (events.js:191:7)
14 verbose stack     at maybeClose (internal/child_process.js:877:16)
14 verbose stack     at Process.ChildProcess._handle.onexit (internal/child_process.js:226:5)
15 verbose pkgid dailys@1.0.0
16 verbose cwd C:\Users\jesse\Documents\GitHub\learnVue2Vuex\my-project
17 error Windows_NT 10.0.14393
18 error argv "D:\\nodejs\\node.exe" "C:\\Users\\jesse\\AppData\\Roaming\\npm\\node_modules\\npm\\bin\\npm-cli.js" "run" "dev"
19 error node v6.9.5
20 error npm  v4.1.2
21 error code ELIFECYCLE
22 error dailys@1.0.0 dev: `node build/dev-server.js`
22 error Exit status 1
23 error Failed at the dailys@1.0.0 dev script 'node build/dev-server.js'.
23 error Make sure you have the latest version of node.js and npm installed.
23 error If you do, this is most likely a problem with the dailys package,
23 error not with npm itself.
23 error Tell the author that this fails on your system:
23 error     node build/dev-server.js
23 error You can get information on how to open an issue for this project with:
23 error     npm bugs dailys
23 error Or if that isn't available, you can get their info via:
23 error     npm owner ls dailys
23 error There is likely additional logging output above.
24 verbose exit [ 1, true ]
